# JRE version: OpenJDK Runtime Environment (21.0.9) (build 21.0.9+-14787801-b1163.94)
# Java VM: OpenJDK 64-Bit Server VM (21.0.9+-14787801-b1163.94, mixed mode, tiered, compressed oops, compressed class ptrs, g1 gc, windows-amd64)
GC Precious Log:
 CardTable entry size: 512
 Card Set container configuration: InlinePtr #cards 4 size 8 Array Of Cards #cards 32 size 80 Howl #buckets 8 coarsen threshold 7372 Howl Bitmap #cards 1024 size 144 coarsen threshold 921 Card regions per heap region 1 cards per card region 8192
 CPUs: 8 total, 8 available
 Memory: 5965M
 Large Page Support: Disabled
 NUMA Support: Disabled
 Compressed Oops: Enabled (Zero based)
 Heap Region Size: 4M
 Heap Min Capacity: 8M
 Heap Initial Capacity: 96M
 Heap Max Capacity: 8G
 Pre-touch: Disabled
 Parallel Workers: 8
 Concurrent Workers: 2
 Concurrent Refinement Workers: 8
 Periodic GC: Disabled
Heap:
 garbage-first heap   total 897024K, used 443392K [0x0000000600000000, 0x0000000800000000)
  region size 4096K, 3 young (12288K), 3 survivors (12288K)
 Metaspace       used 218723K, committed 221568K, reserved 1245184K
  class space    used 29247K, committed 30592K, reserved 1048576K
GC Heap History (20 events):
Event: 306.260 GC heap after
{Heap after GC invocations=91 (full 0):
 garbage-first heap   total 897024K, used 318895K [0x0000000600000000, 0x0000000800000000)
  region size 4096K, 1 young (4096K), 1 survivors (4096K)
 Metaspace       used 189314K, committed 192064K, reserved 1245184K
  class space    used 25048K, committed 26368K, reserved 1048576K
}
Event: 1156.088 GC heap before
{Heap before GC invocations=92 (full 0):
 garbage-first heap   total 897024K, used 658863K [0x0000000600000000, 0x0000000800000000)
  region size 4096K, 85 young (348160K), 1 survivors (4096K)
 Metaspace       used 190552K, committed 193344K, reserved 1245184K
  class space    used 25224K, committed 26560K, reserved 1048576K
}
Event: 1156.704 GC heap after
{Heap after GC invocations=93 (full 0):
 garbage-first heap   total 897024K, used 320337K [0x0000000600000000, 0x0000000800000000)
  region size 4096K, 2 young (8192K), 2 survivors (8192K)
 Metaspace       used 190552K, committed 193344K, reserved 1245184K
  class space    used 25224K, committed 26560K, reserved 1048576K
}
Event: 1216.848 GC heap before
{Heap before GC invocations=93 (full 0):
 garbage-first heap   total 897024K, used 840529K [0x0000000600000000, 0x0000000800000000)
  region size 4096K, 130 young (532480K), 2 survivors (8192K)
 Metaspace       used 192553K, committed 195328K, reserved 1245184K
  class space    used 25295K, committed 26624K, reserved 1048576K
}
Event: 1217.338 GC heap after
{Heap after GC invocations=94 (full 0):
 garbage-first heap   total 897024K, used 350424K [0x0000000600000000, 0x0000000800000000)
  region size 4096K, 10 young (40960K), 10 survivors (40960K)
 Metaspace       used 192553K, committed 195328K, reserved 1245184K
  class space    used 25295K, committed 26624K, reserved 1048576K
}
Event: 1217.354 GC heap before
{Heap before GC invocations=94 (full 0):
 garbage-first heap   total 897024K, used 354520K [0x0000000600000000, 0x0000000800000000)
  region size 4096K, 11 young (45056K), 10 survivors (40960K)
 Metaspace       used 192563K, committed 195328K, reserved 1245184K
  class space    used 25297K, committed 26624K, reserved 1048576K
}
Event: 1217.406 GC heap after
{Heap after GC invocations=95 (full 0):
 garbage-first heap   total 897024K, used 348799K [0x0000000600000000, 0x0000000800000000)
  region size 4096K, 2 young (8192K), 2 survivors (8192K)
 Metaspace       used 192563K, committed 195328K, reserved 1245184K
  class space    used 25297K, committed 26624K, reserved 1048576K
}
Event: 1219.227 GC heap before
{Heap before GC invocations=95 (full 0):
 garbage-first heap   total 897024K, used 377471K [0x0000000600000000, 0x0000000800000000)
  region size 4096K, 10 young (40960K), 2 survivors (8192K)
 Metaspace       used 193391K, committed 196224K, reserved 1245184K
  class space    used 25416K, committed 26752K, reserved 1048576K
}
Event: 1219.237 GC heap after
{Heap after GC invocations=96 (full 0):
 garbage-first heap   total 897024K, used 346192K [0x0000000600000000, 0x0000000800000000)
  region size 4096K, 1 young (4096K), 1 survivors (4096K)
 Metaspace       used 193391K, committed 196224K, reserved 1245184K
  class space    used 25416K, committed 26752K, reserved 1048576K
}
Event: 1222.928 GC heap before
{Heap before GC invocations=97 (full 0):
 garbage-first heap   total 897024K, used 403536K [0x0000000600000000, 0x0000000800000000)
  region size 4096K, 15 young (61440K), 1 survivors (4096K)
 Metaspace       used 196301K, committed 199040K, reserved 1245184K
  class space    used 25959K, committed 27264K, reserved 1048576K
}
Event: 1222.963 GC heap after
{Heap after GC invocations=98 (full 0):
 garbage-first heap   total 897024K, used 364068K [0x0000000600000000, 0x0000000800000000)
  region size 4096K, 2 young (8192K), 2 survivors (8192K)
 Metaspace       used 196301K, committed 199040K, reserved 1245184K
  class space    used 25959K, committed 27264K, reserved 1048576K
}
Event: 1228.268 GC heap before
{Heap before GC invocations=98 (full 0):
 garbage-first heap   total 897024K, used 679460K [0x0000000600000000, 0x0000000800000000)
  region size 4096K, 78 young (319488K), 2 survivors (8192K)
 Metaspace       used 213585K, committed 216384K, reserved 1245184K
  class space    used 28648K, committed 29952K, reserved 1048576K
}
Event: 1228.352 GC heap after
{Heap after GC invocations=99 (full 0):
 garbage-first heap   total 897024K, used 398722K [0x0000000600000000, 0x0000000800000000)
  region size 4096K, 10 young (40960K), 10 survivors (40960K)
 Metaspace       used 213585K, committed 216384K, reserved 1245184K
  class space    used 28648K, committed 29952K, reserved 1048576K
}
Event: 1228.411 GC heap before
{Heap before GC invocations=99 (full 0):
 garbage-first heap   total 897024K, used 402818K [0x0000000600000000, 0x0000000800000000)
  region size 4096K, 11 young (45056K), 10 survivors (40960K)
 Metaspace       used 213590K, committed 216384K, reserved 1245184K
  class space    used 28648K, committed 29952K, reserved 1048576K
}
Event: 1228.629 GC heap after
{Heap after GC invocations=100 (full 0):
 garbage-first heap   total 897024K, used 398758K [0x0000000600000000, 0x0000000800000000)
  region size 4096K, 2 young (8192K), 2 survivors (8192K)
 Metaspace       used 213590K, committed 216384K, reserved 1245184K
  class space    used 28648K, committed 29952K, reserved 1048576K
}
Event: 1234.252 GC heap before
{Heap before GC invocations=100 (full 0):
 garbage-first heap   total 897024K, used 607654K [0x0000000600000000, 0x0000000800000000)
  region size 4096K, 49 young (200704K), 2 survivors (8192K)
 Metaspace       used 214437K, committed 217216K, reserved 1245184K
  class space    used 28708K, committed 30016K, reserved 1048576K
}
Event: 1234.273 GC heap after
{Heap after GC invocations=101 (full 0):
 garbage-first heap   total 897024K, used 413756K [0x0000000600000000, 0x0000000800000000)
  region size 4096K, 4 young (16384K), 4 survivors (16384K)
 Metaspace       used 214437K, committed 217216K, reserved 1245184K
  class space    used 28708K, committed 30016K, reserved 1048576K
}
Event: 1243.356 GC heap before
{Heap before GC invocations=101 (full 0):
 garbage-first heap   total 897024K, used 606268K [0x0000000600000000, 0x0000000800000000)
  region size 4096K, 52 young (212992K), 4 survivors (16384K)
 Metaspace       used 217457K, committed 220352K, reserved 1245184K
  class space    used 29066K, committed 30464K, reserved 1048576K
}
Event: 1243.627 GC heap after
{Heap after GC invocations=102 (full 0):
 garbage-first heap   total 897024K, used 387217K [0x0000000600000000, 0x0000000800000000)
  region size 4096K, 2 young (8192K), 2 survivors (8192K)
 Metaspace       used 217457K, committed 220352K, reserved 1245184K
  class space    used 29066K, committed 30464K, reserved 1048576K
}
Event: 1256.361 GC heap before
{Heap before GC invocations=102 (full 0):
 garbage-first heap   total 897024K, used 514193K [0x0000000600000000, 0x0000000800000000)
  region size 4096K, 20 young (81920K), 2 survivors (8192K)
 Metaspace       used 218723K, committed 221568K, reserved 1245184K
  class space    used 29247K, committed 30592K, reserved 1048576K
}

